1543754077012	mozrunner::runner	INFO	Running command: "C:\\Program Files\\Firefox Developer Edition\\firefox.exe" "-marionette" "-foreground" "-no-remote" "-profile" "C:\\Users\\ayrto\\AppData\\Local\\Temp\\rust_mozprofile.VbM18t4SdXm5"
1543754077644	addons.webextension.screenshots@mozilla.org	WARN	Loading extension 'screenshots@mozilla.org': Reading manifest: Invalid host permission: resource://pdf.js/
1543754077644	addons.webextension.screenshots@mozilla.org	WARN	Loading extension 'screenshots@mozilla.org': Reading manifest: Invalid host permission: about:reader*
1543754079981	Marionette	INFO	Listening on port 56163
1543754080262	Marionette	WARN	TLS certificate errors will be ignored for this session
JavaScript error: https://inventwithpython.com/js/bootstrap.min.js, line 7: Error: Bootstrap tooltips require Tether (http://tether.io/)
[Parent 12544, Gecko_IOThread] WARNING: pipe error: 109: file z:/build/build/src/ipc/chromium/src/chrome/common/ipc_channel_win.cc, line 346
[Parent 12544, Gecko_IOThread] WARNING: pipe error: 109: file z:/build/build/src/ipc/chromium/src/chrome/common/ipc_channel_win.cc, line 346
[Child 8820, Chrome_ChildThread] WARNING: pipe error: 109: file z:/build/build/src/ipc/chromium/src/chrome/common/ipc_channel_win.cc, line 346
[Child 8820, C[Child 9012, Chrome_ChildThread] WARNING: pipe error: 109: file z:/build/build/src/ipc/chromium/src/chrome/common/ipc_channel_win.cc, line 346
[Child 9012, Chrome_ChildThread] WAR[Parent 12544, Gecko_IOThread] WARNING: pipe error: 109: file z:/build/build/src/ipc/chromium/src/chrome/common/ipc_channel_win.cc, line 346
1543754089152	Marionette	INFO	Stopped listening on port 56163
[GPU 66
###!!! [Child][RunMessage] Error: Channel closing: too late to send/recv, messages will be lost


###!!! [Child][MessageChannel::SendAndWait] Error: Channel error: cannot send/recv

1543754367947	mozrunner::runner	INFO	Running command: "C:\\Program Files\\Firefox Developer Edition\\firefox.exe" "-marionette" "-foreground" "-no-remote" "-profile" "C:\\Users\\ayrto\\AppData\\Local\\Temp\\rust_mozprofile.WxuksS1q4rVd"
1543754368441	addons.webextension.screenshots@mozilla.org	WARN	Loading extension 'screenshots@mozilla.org': Reading manifest: Invalid host permission: resource://pdf.js/
1543754368441	addons.webextension.screenshots@mozilla.org	WARN	Loading extension 'screenshots@mozilla.org': Reading manifest: Invalid host permission: about:reader*
1543754370478	Marionette	INFO	Listening on port 56216
1543754370671	Marionette	WARN	TLS certificate errors will be ignored for this session
JavaScript error: https://inventwithpython.com/js/bootstrap.min.js, line 7: Error: Bootstrap tooltips require Tether (http://tether.io/)
JavaScript error: resource://devtools/shared/base-loader.js -> resource://devtools/client/inspector/grids/grid-inspector.js, line 81: TypeError: this.inspector is null; can't access its "highlighters" property
JavaScript error: resource://devtools/shared/base-loader.js -> resource://devtools/client/inspector/flexbox/flexbox.js, line 46: TypeError: this.inspector is null; can't access its "highlighters" property
[Parent 7556, Gecko_IOThread] WARNING: pipe error: 109: file z:/build/build/src/ipc/chromium/src/chrome/common/ipc_channel_win.cc, line 346
[Parent 7556, Gecko_IOThread] WARNING: pipe error: 109: file z:/build/build/src/ipc/chromium/src1543754402200	addons.webextension.screenshots@mozilla.org	WARN	Loading extension 'screenshots@mozilla.org': Reading manifest: Invalid host permission: resource://pdf.js/
1543754402201	addons.webextension.screenshots@mozilla.org	WARN	Loading extension 'screenshots@mozilla.org': Reading manifest: Invalid host permission: about:reader*
1543754404730	Marionette	INFO	Listening on port 56251
1543754404748	Marionette	WARN	TLS certificate errors will be ignored for this session
JavaScript error: https://inventwithpython.com/js/bootstrap.min.js, line 7: Error: Bootstrap tooltips require Tether (http://tether.io/)
IPDL protocol error: Handler returned error code!

###!!! [Parent][DispatchAsyncMessage] Error: PLayerTransaction::Msg_ReleaseLayer Processing error: message was deserialized, but the handler returned false (indicating failure)

IPDL protocol error: Handler returned error code!

###!!! [Parent][DispatchAsyncMessage] Error: PLayerTransaction::Msg_ReleaseLayer Processing error: message was deserialized, but the handler returned false (indicating failure)

IPDL protocol error: Handler returned error code!

###!!! [Parent][DispatchAsyncMessage] Error: PLayerTransaction::Msg_ReleaseLayer Processing error: message was deserialized, but the handler returned false (indicating failure)

IPDL protocol error: Handler returned error code!

###!!! [Parent][DispatchAsyncMessage] Error: PLayerTransaction::Msg_ReleaseLayer Processing error: mesIPDL protocol error: Handler returned error code!

###!!! [Parent][DispatchAsyncMessage] Error: PLayerTransaction::Msg_ReleaseLayer Processing error: message was deserialized, but the handler returned false (indicating failure)

IPDL protocol error: Handler returned error code!

###!!! [Parent][DispatchAsyncMessage] Error: PLayerTransaction::Msg_ReleaseLayer Processing error: message was deserialized, but the handler returned false (indicating failure)

IPDL protocol error: Handler returned error code!

###!!! [Parent][DispatchAsyncMessage] Error: PLayerTransaction::Msg_ReleaseLayer Processing error: message was deserialized, but the handler returned false (indicating failure)

IPDL protocol error: Handler returned error code!

###!!! [Parent][DispatchAsyncMessage] Error: PLayerTransaction::Msg_ReleaseLayer Processing error: message was deserialized, but the handler returned false (indicating failure)

IPDL protocol error: Handler returned error code!

###!!! [Parent][DispatchAsyncMessage] Error: PLayerTransaction::Msg_ReleaseLayer Processing error: message was deserialized, but the handler returned false (indicating failure)

[Parent 13388, Gecko_IOThread] WARNING: pipe error: 109: file z:/build/build/src/ipc/chromium/src/chrome/common/ipc_channel_win.cc, line 346
[Child 11156, Chrome_ChildThread] WARNING: pipe error: 109: file z:/build/build/src/ipc/chromium/src/chrome/common/ipc_channel_win.cc, line 346
[Child 11156, Chr[Child 13236, Chrome_ChildThread] WARNING: pipe error: 109: file z:/build/build/src/ipc/chromium/src/chrome/common/ipc_channel_win.cc, line 346
[Child 13236,1543754787231	Marionette	INFO	Stopped listening on port 56288

###!!! [Child][RunMessage] Error: Channel closing: too late to send/recv, messages will be lost

[GPU 13444, Chrome_Chi
###!!! [Child][MessageChannel::SendAndWait] Error: Channel error: cannot send/recv

r: https://inventwithpython.com/js/bootstrap.min.js, line 7: Error: Bootstrap tooltips require Tether (http://tether.io/)
console.error: BroadcastService: 
  receivedBroadcastMessage: handler for
  remote-settings/monitor_changes
  threw error:
  Message: Error: Polling for changes failed: NetworkError when attempting to fetch resource..
  Stack:
    remoteSettingsFunction/remoteSettings.pollChanges@resource://services-settings/remote-settings.js:750:13

[Child 8228, Chrome_ChildThread] WARNING: pipe error: 109: file z:/build/build/src/ipc/chromium/src/chrome/common/ipc_channel_win.cc, line 346
[Child 8228,JavaScript error: https://secure.quantserve.com/quant.js, line 8: TypeError: C.parentNode is null; can't access its "insertBefore" property
JavaScript error: https://s0.2mdn.net/ads/studio/cached_libs/createjs_2015.11.26_54e1c3722102182bb133912ad4442e19_min.js, line 15: NS_ERROR_NOT_INITIALIZED: 
JavaScript error: resource://gre/modules/WebProgressChild.jsm, line 58: TypeError: this.mm.content is null; can't access its "document" property
[Parent 1564, Gecko_IOThread] WARNING: pipe error: 109: file z:/build/build/src/ipc/chromium/src/chrome/common/ipc_channel_win.cc, line 346
[Child 2640, Chrome_ChildTh
###!!! [Child][RunMessage] Error: Channel closing: too late to send/recv, messages will be lost

read
###!!! [Child][RunMessage] Error: Channel closing: too late to send/recv, messages will be lost

] 
###!!! [Child][RunMessage] Error: Channel closing: too late to send/recv, messages will be lost

WARNING: pipe e
###!!! [Child][RunMessage] Error: Channel closing: too late to send/recv, messages will be lost

rror: 109: file z:/build/build/src/ipc/chromium/src/chrome/common/ipc_channel_win.cc,
###!!! [Child][RunMessage] Error: Channel closing: too late to send/recv, messages will be lost

 line 346
###!!! [Child][RunMessage] Error: Channel closing: too late to send/recv, messages will be lost


[Child 2640, Chrome_ChildThread] WARNING: pipe error: 109: file z:/build/build/s
###!!! [Child][RunMessage] Error: Channel closing: too late to send/recv, messages will be lost

rc/ipc/chromium/src/chrome/common/ipc
###!!! [Child][RunMessage] Error: Channel closing: too late to send/recv, messages will be lost

_channel_win.cc, line 346

###!!! [Child][RunMessage] Error: Channel closing: too late to send/recv, messages will be lost


###!!! [Child][RunMessage] Error: Channel closing: too late to send/recv, messages will be lost


###!!! [Child][RunMessage] Error: Channel closing: too late to send/recv, messages will be lost


###!!! [Child][RunMessage] Error: Channel closing: too late to send/recv, messages will be lost


###!!! [Child][RunMessage] Error: Channel closing: too late to send/recv, messages will be lost


###!!! [Child][RunMessage] Error: Channel closing: too late to send/recv, messages will be lost


###!!! [Child][RunMessage] Error: Channel closing: too late to send/recv, messages will be lost


###!!! [Child][RunMessage] Error: Channel closing: too late to send/recv, messages will be lost


###!!! [Child][RunMessage] Error: Channel closing: too late to send/recv, messages will be lost


###!!! [Child][RunMessage] Error: Channel closing: too late to send/recv, messages will be lost


###!!! [Child][RunMessage] Error: Channel closing: too late to send/recv, messages will be lost


###!!! [Child][RunMessage] Error: Channel closing: too late to send/recv, messages will be lost


###!!! [Child][RunMessage] Error: Channel closing: too late to send/recv, messages will be lost


###!!! [Child][RunMessage] Error: Channel closing: too late to send/recv, messages will be lost


###!!! [Child][RunMessage] Error: Channel closing: too late to send/recv, messages will be lost


###!!! [Child][RunMessage] Error: Channel closing: too late to send/recv, messages will be lost


###!!! [Child][RunMessage] Error: Channel closing: too late to send/recv, messages will be lost


###!!! [Child][RunMessage] Error: Channel closing: too late to send/recv, messages will be lost


###!!! [Child][RunMessage] Error: Channel closing: too late to send/recv, messages will be lost


###!!! [Child][RunMessage] Error: Channel closing: too late to send/recv, messages will be lost


###!!! [Child][RunMessage] Error: Channel closing: too late to send/recv, messages will be lost


###!!! [Child][RunMessage] Error: Channel closing: too late to send/recv, messages will be lost


###!!! [Child][RunMessage] Error: Channel closing: too late to send/recv, messages will be lost


###!!! [Child][RunMessage] Error: Channel closing: too late to send/recv, messages will be lost


###!!! [Child][MessageChannel] Error: (msgtype=0x4C000E,name=PHttpChannel::Msg_DeletingChannel) Channel closing: too late to send/recv, messages will be lost


###!!! [Child][RunMessage] Error: Channel closing: too late to send/recv, messages will be lost


###!!! [Child][MessageChannel] Error: (msgtype=0x4C0008,name=PHttpChannel::Msg_DocumentChannelCleanup) Channel closing: too late to send/recv, messages will be lost

JavaScript error: https://s3.glbimg.com/v1/AUTH_c631e406debd4c4fac98a09d48dc17d1/bastian-post/prod/ge/3f844b5e-a0fe/e24076c3c6525fdff13b4b62104d4934.js, line 1152: TypeError: e is null; can't access its "getBoundingClientRect" property
JavaScript error: https://s3.glbimg.com/v1/AUTH_c631e406debd4c4fac98a09d48dc17d1/bastian-post/prod/ge/3f844b5e-a0fe/e24076c3c6525fdff13b4b62104d4934.js, line 1152: TypeError: e is null; can't access its "getBoundingClientRect" property
JavaScript error: https://s3.glbimg.com/v1/AUTH_c631e406debd4c4fac98a09d48dc17d1/bastian-post/prod/ge/3f844b5e-a0fe/e24076c3c6525fdff13b4b62104d4934.js, line 1152: TypeError: e is null; can't access its "getBoundingClientRect" property
JavaScript error: https://s3.glbimg.com/v1/AUTH_b002e0039b9f46a5a4a94ff667d31e2d/assets/dist/765275b766003aa4a51241458e4778b7.js, line 11: TypeError: e.Paint['first-paint'] is undefined; can't access its "when" property
JavaScript error: https://s3.glbimg.com/v1/AUTH_c631e406debd4c4fac98a09d48dc17d1/bastian-post/prod/ge/3f844b5e-a0fe/e24076c3c6525fdff13b4b62104d4934.js, line 1152: TypeError: e is null; can't access its "getBoundingClientRect" property
JavaScript error: https://s3.glbimg.com/v1/AUTH_c631e406debd4c4fac98a09d48dc17d1/bastian-post/prod/ge/3f844b5e-a0fe/e24076c3c6525fdff13b4b62104d4934.js, line 1152: TypeError: e is null; can't access its "getBoundingClientRect" property
JavaScript error: https://s3.glbimg.com/v1/AUTH_c631e406debd4c4fac98a09d48dc17d1/bastian-post/prod/ge/3f844b5e-a0fe/e24076c3c6525fdff13b4b62104d4934.js, line 1152: TypeError: e is null; can't access its "getBoundingClientRect" property
JavaScript error: https://s3.glbimg.com/v1/AUTH_c631e406debd4c4fac98a09d48dc17d1/bastian-post/prod/ge/3f844b5e-a0fe/e24076c3c6525fdff13b4b62104d4934.js, line 1152: TypeError: e is null; can't access its "getBoundingClientRect" property
JavaScript error: https://s3.glbimg.com/v1/AUTH_c631e406debd4c4fac98a09d48dc17d1/bastian-post/prod/ge/3f844b5e-a0fe/e24076c3c6525fdff13b4b62104d4934.js, line 1152: TypeError: e is null; can't access its "getBoundingClientRect" property
JavaScript error: https://s3.glbimg.com/v1/AUTH_c631e406debd4c4fac98a09d48dc17d1/bastian-post/prod/ge/3f844b5e-a0fe/e24076c3c6525fdff13b4b62104d4934.js, line 1152: TypeError: e is null; can't access its "getBoundingClientRect" property
JavaScript error: https://s3.glbimg.com/v1/AUTH_c631e406debd4c4fac98a09d48dc17d1/bastian-post/prod/ge/3f844b5e-a0fe/e24076c3c6525fdff13b4b62104d4934.js, line 1152: TypeError: e is null; can't access its "getBoundingClientRect" property
JavaScript error: https://s3.glbimg.com/v1/AUTH_c631e406debd4c4fac98a09d48dc17d1/bastian-post/prod/ge/3f844b5e-a0fe/e24076c3c6525fdff13b4b62104d4934.js, line 1152: TypeError: e is null; can't access its "getBoundingClientRect" property
JavaScript error: https://s3.glbimg.com/v1/AUTH_c631e406debd4c4fac98a09d48dc17d1/bastian-post/prod/ge/3f844b5e-a0fe/e24076c3c6525fdff13b4b62104d4934.js, line 1152: TypeError: e is null; can't access its "getBoundingClientRect" property
JavaScript error: https://s3.glbimg.com/v1/AUTH_c631e406debd4c4fac98a09d48dc17d1/bastian-post/prod/ge/3f844b5e-a0fe/e24076c3c6525fdff13b4b62104d4934.js, line 1152: TypeError: e is null; can't access its "getBoundingClientRect" property
JavaScript error: https://s3.glbimg.com/v1/AUTH_c631e406debd4c4fac98a09d48dc17d1/bastian-post/prod/ge/3f844b5e-a0fe/e24076c3c6525fdff13b4b62104d4934.js, line 1152: TypeError: e is null; can't access its "getBoundingClientRect" property
JavaScript error: https://s3.glbimg.com/v1/AUTH_c631e406debd4c4fac98a09d48dc17d1/bastian-post/prod/ge/3f844b5e-a0fe/e24076c3c6525fdff13b4b62104d4934.js, line 1152: TypeError: e is null; can't access its "getBoundingClientRect" property
JavaScript error: https://s3.glbimg.com/v1/AUTH_c631e406debd4c4fac98a09d48dc17d1/bastian-post/prod/ge/3f844b5e-a0fe/e24076c3c6525fdff13b4b62104d4934.js, line 1152: TypeError: e is null; can't access its "getBoundingClientRect" property
JavaScript error: https://s3.glbimg.com/v1/AUTH_c631e406debd4c4fac98a09d48dc17d1/bastian-post/prod/ge/3f844b5e-a0fe/e24076c3c6525fdff13b4b62104d4934.js, line 1152: TypeError: e is null; can't access its "getBoundingClientRect" property
JavaScript error: https://s3.glbimg.com/v1/AUTH_c631e406debd4c4fac98a09d48dc17d1/bastian-post/prod/ge/3f844b5e-a0fe/e24076c3c6525fdff13b4b62104d4934.js, line 1152: TypeError: e is null; can't access its "getBoundingClientRect" property
[Parent 1564, Gecko_IOThread] WARNING: pipe error: 109: file z:/build/build/src/ipc/chromium/src/chrome/common/ipc_channel_win.cc, line 346
JavaScript error: https://s3.glbimg.com/v1/AUTH_b002e0039b9f46a5a4a94ff667d31e2d/assets/dist/765275b766003aa4a51241458e4778b7.js, line 11: TypeError: this.horizon is undefined; can't access its "unload" property

###!!! [Child][RunMessage] Error: Channel closing: too late to send/recv, messages will be lost

[Child 14060, Chrome_
###!!! [Child][MessageChannel] Error: (msgtype=0x580029,name=PNecko::Msg_RemoveRequestContext) Channel closing: too late to send/recv, messages will be lost

ChildThread] WARNING: pipe error: 109: file z:/build/build/src/ipc/chromium/src/chrome/common/ipc_channel_win.cc, line 346

###!!! [Child][RunMessage] Error: Channel closing: too late to send/recv, messages will be lost


###!!! [Child][RunMessage] Error: Channel closing: too late to send/recv, messages will be lost

[Child 14060, Chrome_ChildThread] WARNING: pipe error: 109: file z:/build/build/src/ipc/chromi[Parent 1564, Gecko_IOThread] WARNING: pipe error: 109: file z:/build/build/src/ipc/chromium/src/chrome/common/ipc_channel_win.cc, line 346
[Child 7680, Chrome_ChildThread] WARNING: pipe error: 109: file z:/build/build/src/ipc/chromium/src/chrome/common/ipc_channel_win.cc, line 346
[Child 7680, Chrome_Child[Parent 1564, Gecko_IOThread] WARNING: pipe error: 109: file z:/build/build/src/ipc/chromium/src/chrome/common/ipc_channel_win.cc, line 346
[Child 12856, Chrome_ChildThread] WARNING: pipe error: 109: file z:/build/build/src/ipc/chromium/src/chrome/common/ipc_channel_win.cc, line 346
[Child 12856, Chro[Parent 1564, Gecko_IOThread] WARNING: pipe error: 109: file z:/build/build/src/ipc/chromium/src/chrome/common/ipc_channel_win.cc, line 346
[Parent 1564, Gecko_IOThread] WARNING: pipe error: 109: file z:/build/build/src/ipc/chromium/src/chrome/common/ipc_channel_win.cc, line 346
[Child 5212, Chrome_ChildThread] WARNING: pipe error: 109: file z:/build/build/src/ipc/chromium/src/chrome/common/ipc_channel_wi[Child 9288, Chrome_ChinldThread] WARNING: pipe error: 109:.cc, line 346 file z:/build/build/src/ipc/chromium/src/chrome/common/ipc_channel_win.cc, line 346[

Child 11148, Chrome_ChildThread] WARNING: pipe er[Child 12144, Chrome_ChildThread] WARNING: pipe error: 109: file z:/build/build/src/ipc/chromium[Parent 5880, Gecko_IOThread] WARNING: pipe error: 109: file z:/build/build/src/ipc/chromium/src/chrome/common/ipc_channel_win.cc, line 346
[Child 7044, Chrome_ChildThread] WARNING: pipe error: 109: file z:/build/build/src/ipc/chromium/src/chrome/common/ipc_channel_win.cc, line 346
[Child 12788, Chrome_ChildThread] WARNING: pipe error: 109: file z:/build/build/src/ipc/chromium/src/chrome/common/ipc_channel_win.cc, line 346
[Child 12788, Chrome_ChildThread] WARNING: pipe error: 109: file z:/build/build/src/ipc/chromium/src/chrome/common/ipc_channel_win.cc, line 346
[Parent 5880, Gecko_IOThread] WARNING: pipe error: 109: file z:/build/build/src/ipc/chromium/src/chrome/common/ipc_channel_win.cc, line 346
IPDL protocol error: Handler returned error code!

###!!! [Parent][DispatchAsyncMessage] Error: PLayerTransaction::Msg_ReleaseLayer Processing error: message was deserialized, but the handler returned false (indicating failure)

[Parent 11376, Gecko_IOThread] WARNING: pipe error: 109: file z:/build/build/src/ipc/chromium/src/chrome/common/ipc_channel_win.cc, line 346
[Parent 11376, Gecko_IOThread] WARNING: pipe error: 109: file z:/build/build/src/ipc/chromium/src/chrome/common/ipc_channel_win.cc, line 346
[Parent 11376, Gecko_IOThread] WARNING: pipe error: 109: file z:/build/build/src/ipc/chromium/src/chrome/common/ipc_channel_win.cc, line 346
[Child 2812, Chrome_ChildThread] WARNING: pipe error: 109[Parent 12984, Gecko_IOThread] WARNING: pipe error: 109: file z:/build/build/src/ipc/chromium/src/chrome/common/ipc_channel_win.cc, line 346
[Parent 12984, Gecko_IOThread] WARNING: pipe error: 109: file z:/build/build/src/ipc/chromium/src/chrome/common/ipc_channel_win.cc, line 346
[Child 13048, Chrome_ChildThread] WARNING: pipe error: 109: file z:/build/build/src/ipc/chromium/src/chrome/common/ipc_channel_win.cc, line 346
[Child 13048, Chrome_ChildThread] WARNING: pipe error: 109: file z:/build/build/src/ipc/chromium/src/chrome/common/ipc_channel_win.cc, line 346
[Parent 12984, Gecko_IOThread] WARNING: pipe error: 109: file z:/build/build/src/ipc/chromium/src/chrome/common/ipc_channel_win.cc, line 346
1543755844410	Marionette	INFO	Stopped listening on port 57608

###!!! [Child][RunMessage] Error: Channel closing: too late to send/recv, messages will be lost

[GPU 13572
###!!! [Child][MessageChannel::SendAndWait] Error: Channel error: cannot send/recv

1543755849865	mozrunner::runner	INFO	Running command: "C:\\Program Files\\Firefox Developer Edition\\firefox.exe" "-marionette" "-foreground" "-no-remote" "-profile" "C:\\Users\\ayrto\\AppData\\Local\\Temp\\rust_mozprofile.paJXCs36QtGP"
1543755850327	addons.webextension.screenshots@mozilla.org	WARN	Loading extension 'screenshots@mozilla.org': Reading manifest: Invalid host permission: resource://pdf.js/
1543755850327	addons.webextension.screenshots@mozilla.org	WARN	Loading extension 'screenshots@mozilla.org': Reading manifest: Invalid host permission: about:reader*
1543755852314	Marionette	INFO	Listening on port 57683
1543755852581	Marionette	WARN	TLS certificate errors will be ignored for this session
JavaScript error: resource://devtools/shared/base-loader.js -> resource://devtools/server/actors/network-monitor/network-response-listener.js, line 256: TypeError: channel.getResponseHeader is not a function
JavaScript warning: https://www.google-analytics.com/gtm/js?id=GTM-5G78JZD&cid=535258272.1543755854, line 104: unreachable code after return statement
JavaScript error: https://br.udacity.com/assets/javascripts/application.js, line 6: TypeError: $(...).ddslick is not a function
JavaScript warning: https://www.google-analytics.com/gtm/js?id=GTM-5G78JZD&cid=535258272.1543755854, line 104: unreachable code after return statement
JavaScript error: https://br.udacity.com/assets/javascripts/application.js, line 6: TypeError: $(...).ddslick is not a function
JavaScript warning: https://www.google-analytics.com/gtm/js?id=GTM-5G78JZD&cid=535258272.1543755854, line 104: unreachable code after return statement
[Parent 13692, Gecko_IOThread] WARNING: pipe error: 109: file z:/build/build/src/ipc/chromium/src/chrome/common/ipc_channel_win.cc, line 346
[Child 12248, Chrome_ChildThread] WARNING: pipe error: 109: file z:/build/build/src/ipc/chromium/src/chrome/common/ipc_channel_win.cc, line 346
[Child 12248, Chrome_ChildThread] WARNING: pipe error: 109: file z:/build/build/src/ipc/chromium/src/chrome/common/ipc_channel_win.cc, line 346
[Parent 13692, Gecko_IOThread] WARNING: pipe error: 109: file z:/build/build/src/ipc/chromium/src/chrome/common/ipc_channel_win.cc, line 346
1543756261771	Marionette	INFO	Stopped listening on port 57683

###!!! [Child][RunMessage] Error: Channel closing: too late to send/recv, mes[Parent 13036, Gecko_IOThread] WARNING: pipe error: 109: file z:/build/build/src/ipc/chromium/src/chrome/common/ipc_channel_win.cc, line 346
[Parent 13036, Gecko_IOThread] WARNING: pipe error: 109: file z:/build/build/src/ipc/chromium/src/chrome/common/ipc_channel_win.cc, line 346
[Child 7672, Chrome_ChildThread] WARNING: pipe error: 109: file z:/build/build/src/ipc/chromium/src/chrome/common/ipc_channel_win.cc, line 346
[Child 7672, Chrom[Parent 13036, Gecko_IOThread] WARNING: pipe error: 109: file z:/build/build/src/ipc/chromium/src/chrome/common/ipc_channel_win.cc, line 346
[Child 8324, Chrome_ChildThread] WARNING: pipe error: 109: file z:/build/build/src/ipc/chromium/src/chrome/common/ipc_channel_wi[Parent 2220, Gecko_IOThread] WARNING: pipe error: 109: file z:/build/build/src/ipc/chromium/src/chrome/common/ipc_channel_win.cc, line 346
[Child 14176, Chrome_ChildThread] WARNING: pipe error: 109: file z:/build/build/src/ipc/chromium/src/chrome/common/ipc_channel_win.cc, line 346
[Child 14176, Chr[Child 11660, Chrome_ChildThread] WARNING: pipe error: 109: file z:/build/build/src/ipc/chromium/src/chrome/common/ipc_channel_win.cc, line 346
[Child 11660, Chrome_Chil[Parent 2220, Gecko_IOThread] WARNING: pipe error: 109: file z:/build/build/src/ipc/chromium/src/chrome/common/ipc_channel_win.cc, line 346
[Child 12352, Chrome_ChildThread] WARNING: pipe error: 109: file z:/build/build/src/ipc/chromium/src/chrome/common/ipc_channel_win.cc, line 346
[Child 12352, Chrome_ChildThread] WARNING: pipe error: 109: file z:/build/build/src/ipc/chromium/src/chrome/common/ipc_channel_win.cc, line 346
1543756263006	Marionette	INFO	Stopped listening on port 57994

###!!! [Child][RunMessage] Error: Channel closing: too late to send/recv, messages will be lost

[GPU 6652, Chrome
###!!! [Child][MessageChannel::SendAndWait] Error: Channel error: cannot send/recv

l; can't access its "textContent" property
JavaScript error: https://cursos.alura.com.br/loginForm, line 1: TypeError: document.querySelector(...) is null; can't access its "textContent" property
IPDL protocol error: Handler returned error code!

###!!! [Parent][DispatchAsyncMessage] Error: PLayerTransaction::Msg_ReleaseLayer Processing error: message was deserialized, but the handler returned false (indicating failure)

IPDL protocol error: Handler returned error code!

###!!! [Parent][DispatchAsyncMessage] Error: PLayerTransaction::Msg_ReleaseLayer Processing error: message was deserialized, but the handler returned false (indicating failure)

IPDL protocol error: Handler returned error code!

###!!! [Parent][DispatchAsyncMessage] Error: PLayerTransaction::Msg_ReleaseLayer Processing error: message was deserialized, but the handler returned false (indicating failure)

IPDL protocol error: Handler returned error code!

###!!! [Parent][DispatchAsyncMessage] Error: PLayerTransaction::Msg_ReleaseLayer Processing error: message was deserialized, but the handler returned false (indicating failure)

[Parent 116, Gecko_IOThread] WARNING: pipe error: 109: file z:/build/build/src/ipc/chromium/src/chrome/common/ipc_channel_win.cc, line 346
[Parent 116, Gecko_IOThread] WARNING: pipe error: 109: file z:/build/build/src/ipc/chromium/src/chrome/common/ipc_channel_win.cc, line 346
[Parent 116, Gecko_IOThread] WARNING: pipe error: 109: file z:/build/build/src/ipc/chromium/src/chrome/co[mCmon/ipc_channel_win.cc, line 346h
ild 6728, Chrome_ChildThread] WARNING: pipe error: 109: file z:/build/build/src/ipc/chromium/src/chrome/common/ipc_channel_win.cc, line 346
[Child 6728, Chrome_ChildThread] WARNING: pipe e[Child 10104, Chrome_ChildThread] WARNING: pipe error: 109: file z:/build/build/src/ipc/chromium/src/chrome/common/ipc_channel_win.cc, line 346
[Child 10104, Chrome_ChildThread] WARNING: pipe error: 109: file z:/build/build/src/ipc/chromium/src/chrome/com[Child 6352, Chrome_ChildThread] WARNING: pipe error: 109: file z:/build/build/src/ipc/chromium/src/chrome/common/ipc_channel_win.cc, line 346
[Child 6352, Chrome_ChildThread] WARNING: pipe error: 109: file z:/build/build/src/ipc/chromium/src/chrome/common/ipc_channel_win.cc[Parent 116, Gecko_IOThread] WARNING: pipe error: 109: file z:/build/build/src/ipc/chromium/src/chrome/common/ipc_channel_win.cc, line 346
[Child 1524, Chrome_ChildThread] WARNING: pipe error: 109: file z:/build/build/src/ipc/chromium/src/chrome/common/ipc_channel_win.cc, line 346
[Child 1524, Chrome_ChildThread] WARNING: pipe error: 109: file z:/b1543756290555	Marionette	INFO	Stopped listening on port 58093

###!!! [Child][RunMessage] Error: Channel closing: too late to send/recv, messages will be lost

[GPU 10700, Chrom
###!!! [Child][MessageChannel::SendAndWait] Error: Channel error: cannot send/recv

1543756295411	mozrunner::runner	INFO	Running command: "C:\\Program Files\\Firefox Developer Edition\\firefox.exe" "-marionette" "-foreground" "-no-remote" "-profile" "C:\\Users\\ayrto\\AppData\\Local\\Temp\\rust_mozprofile.1GUuNDbx1PJA"
1543756295864	addons.webextension.screenshots@mozilla.org	WARN	Loading extension 'screenshots@mozilla.org': Reading manifest: Invalid host permission: resource://pdf.js/
1543756295865	addons.webextension.screenshots@mozilla.org	WARN	Loading extension 'screenshots@mozilla.org': Reading manifest: Invalid host permission: about:reader*
1543756297735	Marionette	INFO	Listening on port 58248
1543756298131	Marionette	WARN	TLS certificate errors will be ignored for this session
JavaScript error: https://cursos.alura.com.br/loginForm, line 1: TypeError: document.querySelector(...) is null; can't access its "textContent" property
JavaScript error: https://cursos.alura.com.br/dashboard, line 1: TypeError: document.querySelector(...) is null; can't access its "textContent" property
JavaScript error: https://cursos.alura.com.br/loginForm, line 1: TypeError: document.querySelector(...) is null; can't access its "textContent" property
console.error: BroadcastService: 
  receivedBroadcastMessage: handler for
  remote-settings/monitor_changes
  threw error:
  Message: Error: Polling for changes failed: NetworkError when attempting to fetch resource..
  Stack:
    remoteSettingsFunction/remoteSettings.pollChanges@resource://services-settings/remote-settings.js:750:13

[Child 12336, Chrome_ChildThread] WARNING: pipe error: 109: file z:/build/build/src/ipc/chromium/src/chrome/common/ipc_channel_win.cc, line 346
[Child 12336, C[Child 13684, Chrome_ChildThread] WARNING: pipe error: 109: file z:/build/build/src/ipc/chromium/src/chrome/common/ipc_channel_win.cc, line 346
[Child 13[Parent 11460, Gecko_IOThread] WARNING: pipe error: 109: file z:/build/build/src/ipc/chromium/src/chrome/common/ipc_channel_win.cc, line 346
[Child 212, Chrome_ChildThread] WARNING: pipe error: 109: file z:/build/build/src/ipc/chromium/src/chrome/common/ipc_channel_win.cc, line 346
[Child 212, 1543756470330	Marionette	INFO	Stopped listening on port 58248

###!!! [Child][RunMessage] Error: Channel closing: too late to send/recv, messages will be lost

[GPU 9
###!!! [Child][MessageChannel::SendAndWait] Error: Channel error: cannot send/recv

1543756480466	mozrunner::runner	INFO	Running command: "C:\\Program Files\\Firefox Developer Edition\\firefox.exe" "-marionette" "-foreground" "-no-remote" "-profile" "C:\\Users\\ayrto\\AppData\\Local\\Temp\\rust_mozprofile.aQs6XsVNmZGh"
1543756480954	addons.webextension.screenshots@mozilla.org	WARN	Loading extension 'screenshots@mozilla.org': Reading manifest: Invalid host permission: resource://pdf.js/
1543756480954	addons.webextension.screenshots@mozilla.org	WARN	Loading extension 'screenshots@mozilla.org': Reading manifest: Invalid host permission: about:reader*
1543756483030	Marionette	INFO	Listening on port 58404
1543756483192	Marionette	WARN	TLS certificate errors will be ignored for this session
JavaScript error: https://cursos.alura.com.br/loginForm, line 1: TypeError: document.querySelector(...) is null; can't access its "textContent" property
JavaScript error: https://cursos.alura.com.br/dashboard, line 1: TypeError: document.querySelector(...) is null; can't access its "textContent" property
JavaScript error: https://cursos.alura.com.br/loginForm, line 1: TypeError: document.querySelector(...) is null; can't access its "textContent" property
console.error: BroadcastService: 
  receivedBroadcastMessage: handler for
  remote-settings/monitor_changes
  threw error:
  Message: Error: Polling for changes failed: NetworkError when attempting to fetch resource..
  Stack:
    remoteSettingsFunction/remoteSettings.pollChanges@resource://services-settings/remote-settings.js:750:13

[Child 9268, Chrome_ChildThread] WARNING: pipe error: 109: file z:/build/build/src/ipc/chromium/src/chrome/common/ipc_channel_win.cc, line 346
[Child 9268, Chrom[Child 8184, Chrome_ChildThread] WARNING: pipe error: 109: file z:/build/build/src/ipc/chromium/src/chrome/common/ipc_channel_win.cc, line 346
[Child 8184, Chrome_ChildThread] WARNING: pipe error: 109: file[1543756695788	Marionette	INFO	Stopped listening on port 58404

###!!! [Child][RunMessage] Error: Channel closing: too late to send/recv, messages will be lost

[GPU 4164, Chrome
###!!! [Child][MessageChannel::SendAndWait] Error: Channel error: cannot send/recv

ttings.pollChanges@resource://services-settings/remote-settings.js:750:13

[Child 13660, Chrome_ChildThread] WARNING: pipe error: 109: file z:/build/build/src/ipc/chromium/src/chrome/common/ipc_channel_win.cc, line 346
[Child 13660, Chrome_ChildThread] WARNING: pipe error: 109: f[Parent 14136, Gecko_IOThread] WARNING: pipe error: 109: file z:/build/build/src/ipc/chromium/src/chrome/common/ipc_channel_win.cc, line 346
[Parent 14136, Gecko_IOThread] WARNING: pipe error: 109: file z:/build/build/src/ipc/chromium/src/chrome/common/ipc_channel_win.cc, line 346
[Child 8284, Chrome_ChildThread] WARNING: pipe error: 109: file z:/build/build/src/ipc/chromium/src/chrome/common/ipc_channel_win.cc, line 346
[Child 8284,1543756696443	Marionette	INFO	Stopped listening on port 58480

###!!! [Child][RunMessage] Error: Channel closing: too late to send/recv, messages will be lost

[GPU 11028,
###!!! [Child][MessageChannel::SendAndWait] Error: Channel error: cannot send/recv

ge: handler for
  remote-settings/monitor_changes
  threw error:
  Message: Error: Polling for changes failed: NetworkError when attempting to fetch resource..
  Stack:
    remoteSettingsFunction/remoteSettings.pollChanges@resource://services-settings/remote-settings.js:750:13

[Child 12104, Chrome_ChildThread] WARNING: pipe error: 109: file z:/build/build/src/ipc/chromium/src/chrome/common/ipc_channel_win.cc, line 346
[Parent 13296, Gecko_IOThread] WARNING: pipe error: 109: file z:/build/build/src/ipc/chromium/src/chrome/common/ipc_channel_win.cc, line 346
[Child1543756697010	Marionette	INFO	Stopped listening on port 58585
[GP
###!!! [Child][RunMessage] Error: Channel closing: too late to send/recv, messages will be lost

U 7596,
###!!! [Child][MessageChannel::SendAndWait] Error: Channel error: cannot send/recv

1543756735380	mozrunner::runner	INFO	Running command: "C:\\Program Files\\Firefox Developer Edition\\firefox.exe" "-marionette" "-foreground" "-no-remote" "-profile" "C:\\Users\\ayrto\\AppData\\Local\\Temp\\rust_mozprofile.y6SLhLD0VfRW"
1543756735843	addons.webextension.screenshots@mozilla.org	WARN	Loading extension 'screenshots@mozilla.org': Reading manifest: Invalid host permission: resource://pdf.js/
1543756735844	addons.webextension.screenshots@mozilla.org	WARN	Loading extension 'screenshots@mozilla.org': Reading manifest: Invalid host permission: about:reader*
1543756737856	Marionette	INFO	Listening on port 58805
1543756738097	Marionette	WARN	TLS certificate errors will be ignored for this session
[Parent 11584, Gecko_IOThread] WARNING: pipe error: 109: file z:/build/build/src/ipc/chromium/src/chrome/common/ipc_channel_win.cc, line 346
[Child 5112, Chrome_ChildThread] WARNING: pipe error: 109: file z:/build/build/src/ipc/chromium/src/chrome/common/ipc_channel_win.cc, line 346
[Child 8184, Chrome_ChildThread] WARNING: pipe error: 109: file z:/build/build/src/ipc/chromium/src/chrome/common/ipc_channel_win.cc, line 346
[Child 8184, Chrome[Parent 11584, Gecko_IOThread] WARNING: pipe error: 109: file z:/build/build/src/ipc/chromium/src/chrome/common/ipc_channel_win.cc, line 346
1543756751792	Marionette	INFO	Stopped listening on port 58805

###!!! [Child][RunMessage] Error: Channel closing: too late to send/recv, messages will be lost

[GPU 121
###!!! [Child][MessageChannel::SendAndWait] Error: Channel error: cannot send/recv

1543756757462	mozrunner::runner	INFO	Running command: "C:\\Program Files\\Firefox Developer Edition\\firefox.exe" "-marionette" "-foreground" "-no-remote" "-profile" "C:\\Users\\ayrto\\AppData\\Local\\Temp\\rust_mozprofile.odlce7Dunmky"
1543756757964	addons.webextension.screenshots@mozilla.org	WARN	Loading extension 'screenshots@mozilla.org': Reading manifest: Invalid host permission: resource://pdf.js/
1543756757964	addons.webextension.screenshots@mozilla.org	WARN	Loading extension 'screenshots@mozilla.org': Reading manifest: Invalid host permission: about:reader*
1543756759959	Marionette	INFO	Listening on port 58906
1543756760178	Marionette	WARN	TLS certificate errors will be ignored for this session
console.error: BroadcastService: 
  receivedBroadcastMessage: handler for
  remote-settings/monitor_changes
  threw error:
  Message: Error: Polling for changes failed: NetworkError when attempting to fetch resource..
  Stack:
    remoteSettingsFunction/remoteSettings.pollChanges@resource://services-settings/remote-settings.js:750:13

[Child 7392, Chrome_ChildThread] WARNING: pipe error: 109: file z:/build/build/src/ipc/chromium/src/chrome/common/ipc_channel_win.cc, line 346
[Child 7392, Chrome_ChildThread] WARNING: pipe error: 109: file z:/build/build/src/ipc/chromium/src/chrome/common/ipc_channel_win.cc, line 346
[Parent 5656, Gecko_IOThread] WARNING: pipe error: 109: file z:/build/build/src/ipc/chromium/src/chrome/common/ipc_channel_win.cc, line 346
[Child 6704, Chrome_ChildThread] WARNING: pipe error: 109: file z:/build/build/src/ipc/chromium/src/chrome/common/ipc_channel_win.cc, line 346
[Child 6704, Chrome_ChildThr[Parent 5656, Gecko_IOThread] WARNING: pipe error: 109: file z:/build/build/src/ipc/chromium/src/chrome/common/ipc_channel_win.cc, line 346
[Child 14108, Chrome_ChildThread] WARNING: pipe error: 232: file z:/build/build/src/ipc/chromium/src/chrome/common/ipc_channel_win.cc, line 513
[Child 14108, Chrome_ChildThread] WARNING: pipe error: 232: file z:/build/build/src/ipc/chromium/src/chrome/common/ipc_channel_win.cc, line 513
[Child 14108, Chrome_ChildThread] WARNING: pipe error: 109: file z:/build/build/src/ipc/chromium/src/chrome/common/ipc_channel_win.cc, line 346
[Child 14108, Chr1543757032000	Marionette	INFO	Stopped listening on port 58906
[GPU 12436, 
###!!! [Child][MessageChannel::SendAndWait] Error: Channel error: cannot send/recv

enshots@mozilla.org': Reading manifest: Invalid host permission: resource://pdf.js/
1543756837006	addons.webextension.screenshots@mozilla.org	WARN	Loading extension 'screenshots@mozilla.org': Reading manifest: Invalid host permission: about:reader*
1543756838916	Marionette	INFO	Listening on port 59104
1543756839235	Marionette	WARN	TLS certificate errors will be ignored for this session
JavaScript error: https://tags.globo.com/utag/globo/ge/prod/utag.js, line 65: TypeError: elemDiv is undefined; can't access its "targets" property
[Parent 7488, Gecko_IOThread] WARNING: pipe error: 109: file z:/build/build/src/ipc/chromium/src/chrome/common/ipc_channel_win.cc, line 346
console.error: BroadcastService: 
  receivedBroadcastMessage: handler for
  remote-settings/monitor_changes
  threw error:
  Message: Error: Polling for changes failed: NetworkError when attempting to fetch resource..
  Stack:
    remoteSettingsFunction/remoteSettings.pollChanges@resource://services-settings/remote-settings.js:750:13

IPDL protocol error: Handler returned error code!

###!!! [Parent][DispatchAsyncMessage] Error: PLayerTransaction::Msg_ReleaseLayer Processing error: message was deserialized, but the handler returned false (indicating failure)

IPDL protocol error: Handler returned error code!

###!!! [Parent][DispatchAsyncMessage] Error: PLayerTransaction::Msg_ReleaseLayer Processing error: message was deserialized, but the handler returned false (indicating failure)

IPDL protocol error: Handler returned error code!

###!!! [Parent][DispatchAsyncMessage] Error: PLayerTransaction::Msg_ReleaseLayer Processing error: message was deserialized, but the handler returned false (indicating failure)

IPDL protocol error: Handler returned error code!

###!!! [Parent][DispatchAsyncMessage] Error: PLayerTransaction::Msg_ReleaseLayer Processing error: message was deserialized, but the handler returned false (indicating failure)

JavaScript error: resource:///modules/FaviconLoader.jsm, line 413: NS_ERROR_ILLEGAL_VALUE
JavaScript error: resource://[Parent /7488, Gecko_IOThread] WARNING: pipe error: 109: file z:/build/build/src/ipc/chrommioum/src/chrome/common/ipc_channel_win.cc, line 346dules/FaviconLoader.jsm, line 413: NS_ERROR_ILLEGAL_VALUE

[Child 10420, Chrome_ChildThread] WARNING: pipe error: 109: file z:/build/build/src/ipc/chromium/src/chrome/common/ipc_channel_win.cc, line 346

###!!! [Child][MessageChannel] Error: (msgtype=0x3000B8,name=PContent::Msg_ScriptError) Channel closing: too late to send/recv, messages will be lost

[Parent 7488, Gecko_IOThread] WARNING: pipe error: 109: file z:/build/build/src/ipc/chromium/src/chrome/common/ipc_channel_win.cc, line 346
[Child 5492, Chrome_ChildThread] WARNING: pipe error: 109: file z:/build/build/src/ipc/chromium/src/chrome/common/ipc_channel_win.cc, line 346
[Child 5492, Chrome_ChildThread] WARNING: pipe error: 109: file z:/build/1543757026507	Marionette	INFO	Stopped listening on port 59104

###!!! [Child][RunMessage] Error: Channel closing: too late to send/recv, messages will be lost

[GPU 10372, Chrom
###!!! [Child][MessageChannel::SendAndWait] Error: Channel error: cannot send/recv

c/chrome/common/ipc_channel_win.cc, line 346

###!!! [Child][RunMessage] Error: Channel closing: too late to send/recv, messages will be lost

[GPU 13608, Chrom
###!!! [Child][MessageChannel::SendAndWait] Error: Channel error: cannot send/recv

